# JRE version: OpenJDK Runtime Environment Temurin-21.0.9+10 (21.0.9+10) (build 21.0.9+10-LTS)
# Java VM: OpenJDK 64-Bit Server VM Temurin-21.0.9+10 (21.0.9+10-LTS, mixed mode, sharing, tiered, compressed oops, compressed class ptrs, parallel gc, windows-amd64)
GC Precious Log:
 CardTable entry size: 512
 CPUs: 8 total, 8 available
 Memory: 24260M
 Large Page Support: Disabled
 NUMA Support: Disabled
 Compressed Oops: Enabled (32-bit)
 Alignments: Space 512K, Generation 512K, Heap 2M
 Heap Min Capacity: 100M
 Heap Initial Capacity: 100M
 Heap Max Capacity: 2G
 Pre-touch: Disabled
 Parallel Workers: 8
Heap:
 PSYoungGen      total 9728K, used 2533K [0x00000000d5580000, 0x00000000d6000000, 0x0000000100000000)
  eden space 8704K, 24% used [0x00000000d5580000,0x00000000d5791788,0x00000000d5e00000)
  from space 1024K, 40% used [0x00000000d5e00000,0x00000000d5e68000,0x00000000d5f00000)
  to   space 1024K, 0% used [0x00000000d5f00000,0x00000000d5f00000,0x00000000d6000000)
 ParOldGen       total 540160K, used 329999K [0x0000000080000000, 0x00000000a0f80000, 0x00000000d5580000)
  object space 540160K, 61% used [0x0000000080000000,0x0000000094243d70,0x00000000a0f80000)
 Metaspace       used 86402K, committed 88128K, reserved 1179648K
  class space    used 8718K, committed 9472K, reserved 1048576K
GC Heap History (20 events):
Event: 1356.854 GC heap before
{Heap before GC invocations=2075 (full 5):
 PSYoungGen      total 9216K, used 9216K [0x00000000d5580000, 0x00000000d6100000, 0x0000000100000000)
  eden space 8704K, 100% used [0x00000000d5580000,0x00000000d5e00000,0x00000000d5e00000)
  from space 512K, 100% used [0x00000000d5f80000,0x00000000d6000000,0x00000000d6000000)
  to   space 1024K, 0% used [0x00000000d6000000,0x00000000d6000000,0x00000000d6100000)
 ParOldGen       total 540160K, used 326951K [0x0000000080000000, 0x00000000a0f80000, 0x00000000d5580000)
  object space 540160K, 60% used [0x0000000080000000,0x0000000093f49e68,0x00000000a0f80000)
 Metaspace       used 86245K, committed 88000K, reserved 1179648K
  class space    used 8712K, committed 9472K, reserved 1048576K
}
Event: 1356.857 GC heap after
{Heap after GC invocations=2075 (full 5):
 PSYoungGen      total 9216K, used 384K [0x00000000d5580000, 0x00000000d6080000, 0x0000000100000000)
  eden space 8704K, 0% used [0x00000000d5580000,0x00000000d5580000,0x00000000d5e00000)
  from space 512K, 75% used [0x00000000d6000000,0x00000000d6060000,0x00000000d6080000)
  to   space 1024K, 0% used [0x00000000d5e80000,0x00000000d5e80000,0x00000000d5f80000)
 ParOldGen       total 540160K, used 327497K [0x0000000080000000, 0x00000000a0f80000, 0x00000000d5580000)
  object space 540160K, 60% used [0x0000000080000000,0x0000000093fd2560,0x00000000a0f80000)
 Metaspace       used 86245K, committed 88000K, reserved 1179648K
  class space    used 8712K, committed 9472K, reserved 1048576K
}
Event: 1357.396 GC heap before
{Heap before GC invocations=2076 (full 5):
 PSYoungGen      total 9216K, used 9088K [0x00000000d5580000, 0x00000000d6080000, 0x0000000100000000)
  eden space 8704K, 100% used [0x00000000d5580000,0x00000000d5e00000,0x00000000d5e00000)
  from space 512K, 75% used [0x00000000d6000000,0x00000000d6060000,0x00000000d6080000)
  to   space 1024K, 0% used [0x00000000d5e80000,0x00000000d5e80000,0x00000000d5f80000)
 ParOldGen       total 540160K, used 327497K [0x0000000080000000, 0x00000000a0f80000, 0x00000000d5580000)
  object space 540160K, 60% used [0x0000000080000000,0x0000000093fd2560,0x00000000a0f80000)
 Metaspace       used 86251K, committed 88000K, reserved 1179648K
  class space    used 8712K, committed 9472K, reserved 1048576K
}
Event: 1357.399 GC heap after
{Heap after GC invocations=2076 (full 5):
 PSYoungGen      total 9728K, used 640K [0x00000000d5580000, 0x00000000d6080000, 0x0000000100000000)
  eden space 8704K, 0% used [0x00000000d5580000,0x00000000d5580000,0x00000000d5e00000)
  from space 1024K, 62% used [0x00000000d5e80000,0x00000000d5f20020,0x00000000d5f80000)
  to   space 1024K, 0% used [0x00000000d5f80000,0x00000000d5f80000,0x00000000d6080000)
 ParOldGen       total 540160K, used 327785K [0x0000000080000000, 0x00000000a0f80000, 0x00000000d5580000)
  object space 540160K, 60% used [0x0000000080000000,0x000000009401a560,0x00000000a0f80000)
 Metaspace       used 86251K, committed 88000K, reserved 1179648K
  class space    used 8712K, committed 9472K, reserved 1048576K
}
Event: 1358.279 GC heap before
{Heap before GC invocations=2077 (full 5):
 PSYoungGen      total 9728K, used 9344K [0x00000000d5580000, 0x00000000d6080000, 0x0000000100000000)
  eden space 8704K, 100% used [0x00000000d5580000,0x00000000d5e00000,0x00000000d5e00000)
  from space 1024K, 62% used [0x00000000d5e80000,0x00000000d5f20020,0x00000000d5f80000)
  to   space 1024K, 0% used [0x00000000d5f80000,0x00000000d5f80000,0x00000000d6080000)
 ParOldGen       total 540160K, used 327785K [0x0000000080000000, 0x00000000a0f80000, 0x00000000d5580000)
  object space 540160K, 60% used [0x0000000080000000,0x000000009401a560,0x00000000a0f80000)
 Metaspace       used 86256K, committed 88000K, reserved 1179648K
  class space    used 8712K, committed 9472K, reserved 1048576K
}
Event: 1358.280 GC heap after
{Heap after GC invocations=2077 (full 5):
 PSYoungGen      total 9728K, used 544K [0x00000000d5580000, 0x00000000d6080000, 0x0000000100000000)
  eden space 8704K, 0% used [0x00000000d5580000,0x00000000d5580000,0x00000000d5e00000)
  from space 1024K, 53% used [0x00000000d5f80000,0x00000000d6008000,0x00000000d6080000)
  to   space 1024K, 0% used [0x00000000d5e80000,0x00000000d5e80000,0x00000000d5f80000)
 ParOldGen       total 540160K, used 327889K [0x0000000080000000, 0x00000000a0f80000, 0x00000000d5580000)
  object space 540160K, 60% used [0x0000000080000000,0x0000000094034580,0x00000000a0f80000)
 Metaspace       used 86256K, committed 88000K, reserved 1179648K
  class space    used 8712K, committed 9472K, reserved 1048576K
}
Event: 1358.775 GC heap before
{Heap before GC invocations=2078 (full 5):
 PSYoungGen      total 9728K, used 9248K [0x00000000d5580000, 0x00000000d6080000, 0x0000000100000000)
  eden space 8704K, 100% used [0x00000000d5580000,0x00000000d5e00000,0x00000000d5e00000)
  from space 1024K, 53% used [0x00000000d5f80000,0x00000000d6008000,0x00000000d6080000)
  to   space 1024K, 0% used [0x00000000d5e80000,0x00000000d5e80000,0x00000000d5f80000)
 ParOldGen       total 540160K, used 327889K [0x0000000080000000, 0x00000000a0f80000, 0x00000000d5580000)
  object space 540160K, 60% used [0x0000000080000000,0x0000000094034580,0x00000000a0f80000)
 Metaspace       used 86262K, committed 88000K, reserved 1179648K
  class space    used 8712K, committed 9472K, reserved 1048576K
}
Event: 1358.778 GC heap after
{Heap after GC invocations=2078 (full 5):
 PSYoungGen      total 9728K, used 240K [0x00000000d5580000, 0x00000000d6000000, 0x0000000100000000)
  eden space 8704K, 0% used [0x00000000d5580000,0x00000000d5580000,0x00000000d5e00000)
  from space 1024K, 23% used [0x00000000d5e80000,0x00000000d5ebc010,0x00000000d5f80000)
  to   space 512K, 0% used [0x00000000d5f80000,0x00000000d5f80000,0x00000000d6000000)
 ParOldGen       total 540160K, used 328318K [0x0000000080000000, 0x00000000a0f80000, 0x00000000d5580000)
  object space 540160K, 60% used [0x0000000080000000,0x000000009409fa10,0x00000000a0f80000)
 Metaspace       used 86262K, committed 88000K, reserved 1179648K
  class space    used 8712K, committed 9472K, reserved 1048576K
}
Event: 1359.120 GC heap before
{Heap before GC invocations=2079 (full 5):
 PSYoungGen      total 9728K, used 8944K [0x00000000d5580000, 0x00000000d6000000, 0x0000000100000000)
  eden space 8704K, 100% used [0x00000000d5580000,0x00000000d5e00000,0x00000000d5e00000)
  from space 1024K, 23% used [0x00000000d5e80000,0x00000000d5ebc010,0x00000000d5f80000)
  to   space 512K, 0% used [0x00000000d5f80000,0x00000000d5f80000,0x00000000d6000000)
 ParOldGen       total 540160K, used 328318K [0x0000000080000000, 0x00000000a0f80000, 0x00000000d5580000)
  object space 540160K, 60% used [0x0000000080000000,0x000000009409fa10,0x00000000a0f80000)
 Metaspace       used 86262K, committed 88000K, reserved 1179648K
  class space    used 8712K, committed 9472K, reserved 1048576K
}
Event: 1359.122 GC heap after
{Heap after GC invocations=2079 (full 5):
 PSYoungGen      total 9216K, used 512K [0x00000000d5580000, 0x00000000d6000000, 0x0000000100000000)
  eden space 8704K, 0% used [0x00000000d5580000,0x00000000d5580000,0x00000000d5e00000)
  from space 512K, 100% used [0x00000000d5f80000,0x00000000d6000000,0x00000000d6000000)
  to   space 1024K, 0% used [0x00000000d5e00000,0x00000000d5e00000,0x00000000d5f00000)
 ParOldGen       total 540160K, used 328454K [0x0000000080000000, 0x00000000a0f80000, 0x00000000d5580000)
  object space 540160K, 60% used [0x0000000080000000,0x00000000940c1a10,0x00000000a0f80000)
 Metaspace       used 86262K, committed 88000K, reserved 1179648K
  class space    used 8712K, committed 9472K, reserved 1048576K
}
Event: 1359.364 GC heap before
{Heap before GC invocations=2080 (full 5):
 PSYoungGen      total 9216K, used 9216K [0x00000000d5580000, 0x00000000d6000000, 0x0000000100000000)
  eden space 8704K, 100% used [0x00000000d5580000,0x00000000d5e00000,0x00000000d5e00000)
  from space 512K, 100% used [0x00000000d5f80000,0x00000000d6000000,0x00000000d6000000)
  to   space 1024K, 0% used [0x00000000d5e00000,0x00000000d5e00000,0x00000000d5f00000)
 ParOldGen       total 540160K, used 328454K [0x0000000080000000, 0x00000000a0f80000, 0x00000000d5580000)
  object space 540160K, 60% used [0x0000000080000000,0x00000000940c1a10,0x00000000a0f80000)
 Metaspace       used 86271K, committed 88000K, reserved 1179648K
  class space    used 8712K, committed 9472K, reserved 1048576K
}
Event: 1359.367 GC heap after
{Heap after GC invocations=2080 (full 5):
 PSYoungGen      total 9728K, used 944K [0x00000000d5580000, 0x00000000d6000000, 0x0000000100000000)
  eden space 8704K, 0% used [0x00000000d5580000,0x00000000d5580000,0x00000000d5e00000)
  from space 1024K, 92% used [0x00000000d5e00000,0x00000000d5eec010,0x00000000d5f00000)
  to   space 1024K, 0% used [0x00000000d5f00000,0x00000000d5f00000,0x00000000d6000000)
 ParOldGen       total 540160K, used 328971K [0x0000000080000000, 0x00000000a0f80000, 0x00000000d5580000)
  object space 540160K, 60% used [0x0000000080000000,0x0000000094142e90,0x00000000a0f80000)
 Metaspace       used 86271K, committed 88000K, reserved 1179648K
  class space    used 8712K, committed 9472K, reserved 1048576K
}
Event: 1360.075 GC heap before
{Heap before GC invocations=2081 (full 5):
 PSYoungGen      total 9728K, used 9648K [0x00000000d5580000, 0x00000000d6000000, 0x0000000100000000)
  eden space 8704K, 100% used [0x00000000d5580000,0x00000000d5e00000,0x00000000d5e00000)
  from space 1024K, 92% used [0x00000000d5e00000,0x00000000d5eec010,0x00000000d5f00000)
  to   space 1024K, 0% used [0x00000000d5f00000,0x00000000d5f00000,0x00000000d6000000)
 ParOldGen       total 540160K, used 328971K [0x0000000080000000, 0x00000000a0f80000, 0x00000000d5580000)
  object space 540160K, 60% used [0x0000000080000000,0x0000000094142e90,0x00000000a0f80000)
 Metaspace       used 86292K, committed 88000K, reserved 1179648K
  class space    used 8712K, committed 9472K, reserved 1048576K
}
Event: 1360.078 GC heap after
{Heap after GC invocations=2081 (full 5):
 PSYoungGen      total 9728K, used 352K [0x00000000d5580000, 0x00000000d6000000, 0x0000000100000000)
  eden space 8704K, 0% used [0x00000000d5580000,0x00000000d5580000,0x00000000d5e00000)
  from space 1024K, 34% used [0x00000000d5f00000,0x00000000d5f58000,0x00000000d6000000)
  to   space 1024K, 0% used [0x00000000d5e00000,0x00000000d5e00000,0x00000000d5f00000)
 ParOldGen       total 540160K, used 329418K [0x0000000080000000, 0x00000000a0f80000, 0x00000000d5580000)
  object space 540160K, 60% used [0x0000000080000000,0x00000000941b28e0,0x00000000a0f80000)
 Metaspace       used 86292K, committed 88000K, reserved 1179648K
  class space    used 8712K, committed 9472K, reserved 1048576K
}
Event: 1360.705 GC heap before
{Heap before GC invocations=2082 (full 5):
 PSYoungGen      total 9728K, used 9056K [0x00000000d5580000, 0x00000000d6000000, 0x0000000100000000)
  eden space 8704K, 100% used [0x00000000d5580000,0x00000000d5e00000,0x00000000d5e00000)
  from space 1024K, 34% used [0x00000000d5f00000,0x00000000d5f58000,0x00000000d6000000)
  to   space 1024K, 0% used [0x00000000d5e00000,0x00000000d5e00000,0x00000000d5f00000)
 ParOldGen       total 540160K, used 329418K [0x0000000080000000, 0x00000000a0f80000, 0x00000000d5580000)
  object space 540160K, 60% used [0x0000000080000000,0x00000000941b28e0,0x00000000a0f80000)
 Metaspace       used 86308K, committed 88000K, reserved 1179648K
  class space    used 8712K, committed 9472K, reserved 1048576K
}
Event: 1360.706 GC heap after
{Heap after GC invocations=2082 (full 5):
 PSYoungGen      total 9728K, used 512K [0x00000000d5580000, 0x00000000d6000000, 0x0000000100000000)
  eden space 8704K, 0% used [0x00000000d5580000,0x00000000d5580000,0x00000000d5e00000)
  from space 1024K, 50% used [0x00000000d5e00000,0x00000000d5e80000,0x00000000d5f00000)
  to   space 1024K, 0% used [0x00000000d5f00000,0x00000000d5f00000,0x00000000d6000000)
 ParOldGen       total 540160K, used 329474K [0x0000000080000000, 0x00000000a0f80000, 0x00000000d5580000)
  object space 540160K, 60% used [0x0000000080000000,0x00000000941c08e0,0x00000000a0f80000)
 Metaspace       used 86308K, committed 88000K, reserved 1179648K
  class space    used 8712K, committed 9472K, reserved 1048576K
}
Event: 1361.380 GC heap before
{Heap before GC invocations=2083 (full 5):
 PSYoungGen      total 9728K, used 9216K [0x00000000d5580000, 0x00000000d6000000, 0x0000000100000000)
  eden space 8704K, 100% used [0x00000000d5580000,0x00000000d5e00000,0x00000000d5e00000)
  from space 1024K, 50% used [0x00000000d5e00000,0x00000000d5e80000,0x00000000d5f00000)
  to   space 1024K, 0% used [0x00000000d5f00000,0x00000000d5f00000,0x00000000d6000000)
 ParOldGen       total 540160K, used 329474K [0x0000000080000000, 0x00000000a0f80000, 0x00000000d5580000)
  object space 540160K, 60% used [0x0000000080000000,0x00000000941c08e0,0x00000000a0f80000)
 Metaspace       used 86366K, committed 88064K, reserved 1179648K
  class space    used 8717K, committed 9472K, reserved 1048576K
}
Event: 1361.383 GC heap after
{Heap after GC invocations=2083 (full 5):
 PSYoungGen      total 9728K, used 704K [0x00000000d5580000, 0x00000000d6000000, 0x0000000100000000)
  eden space 8704K, 0% used [0x00000000d5580000,0x00000000d5580000,0x00000000d5e00000)
  from space 1024K, 68% used [0x00000000d5f00000,0x00000000d5fb0000,0x00000000d6000000)
  to   space 1024K, 0% used [0x00000000d5e00000,0x00000000d5e00000,0x00000000d5f00000)
 ParOldGen       total 540160K, used 329554K [0x0000000080000000, 0x00000000a0f80000, 0x00000000d5580000)
  object space 540160K, 61% used [0x0000000080000000,0x00000000941d48e0,0x00000000a0f80000)
 Metaspace       used 86366K, committed 88064K, reserved 1179648K
  class space    used 8717K, committed 9472K, reserved 1048576K
}
Event: 1404.361 GC heap before
{Heap before GC invocations=2084 (full 5):
 PSYoungGen      total 9728K, used 9407K [0x00000000d5580000, 0x00000000d6000000, 0x0000000100000000)
  eden space 8704K, 99% used [0x00000000d5580000,0x00000000d5dfffa8,0x00000000d5e00000)
  from space 1024K, 68% used [0x00000000d5f00000,0x00000000d5fb0000,0x00000000d6000000)
  to   space 1024K, 0% used [0x00000000d5e00000,0x00000000d5e00000,0x00000000d5f00000)
 ParOldGen       total 540160K, used 329554K [0x0000000080000000, 0x00000000a0f80000, 0x00000000d5580000)
  object space 540160K, 61% used [0x0000000080000000,0x00000000941d48e0,0x00000000a0f80000)
 Metaspace       used 86402K, committed 88128K, reserved 1179648K
  class space    used 8718K, committed 9472K, reserved 1048576K
}
Event: 1404.371 GC heap after
{Heap after GC invocations=2084 (full 5):
 PSYoungGen      total 9728K, used 416K [0x00000000d5580000, 0x00000000d6000000, 0x0000000100000000)
  eden space 8704K, 0% used [0x00000000d5580000,0x00000000d5580000,0x00000000d5e00000)
  from space 1024K, 40% used [0x00000000d5e00000,0x00000000d5e68000,0x00000000d5f00000)
  to   space 1024K, 0% used [0x00000000d5f00000,0x00000000d5f00000,0x00000000d6000000)
 ParOldGen       total 540160K, used 329999K [0x0000000080000000, 0x00000000a0f80000, 0x00000000d5580000)
  object space 540160K, 61% used [0x0000000080000000,0x0000000094243d70,0x00000000a0f80000)
 Metaspace       used 86402K, committed 88128K, reserved 1179648K
  class space    used 8718K, committed 9472K, reserved 1048576K
}

